# Atomic number Z= 29  Date:15-10-2021

# Number	Shelli	2Ji	Eigi	Total Energy (eV)	Ground Energy(eV)	Partial Width (eV)			Branching Ratio From Auger
	1		K1K1	1	1		-26583.68393		18378.14604			10.068614465863742		    0
	2		K1L1	1	1		-34797.51552		10164.31445         4.273121451649887		    0
	3		K1L1	1	2		-34793.77194		10168.05803         10.393075148222062		    0
	4		K1L1	3	1		-34797.72373		10164.10624         4.537645147278654		    0
	5		K1L3	1	1		-34936.43941		10025.39056         3.577111332674392		    0
	6		K1L2	1	2		-34921.48185		10040.34812         3.305955015804187		    0
	7		K1L2	1	3		-34912.82036		10049.00961         5.258189139160712		    0
	8		K1L3	3	1		-34946.27343		10015.55654         3.201553622605324		    0
	9		K1L3	3	2		-34936.5752			10025.25477         3.8239137635730907		    0
	10		K1L2	3	3		-34913.25248		10048.57749         5.407230257567715		    0
	11		K1L3	5	1		-34946.49393		10015.33604         3.2093568098215477		    0
	12		K1M1	1	1		-35821.15899		9140.67098          4.636344541808998		    0
	13		K1M1	1	2		-35819.60644		9142.22353          10.947017185905231		    0
	14		K1M1	3	1		-35821.35164		9140.47833          4.340225073130739		    0
	15		K1M3	1	1		-35868.02444		9093.80553          4.159553148654382		    0
	16		K1M2	1	2		-35866.13698		9095.69299          4.429606059586389		    0
	17		K1M2	1	3		-35865.3351			9096.49487          4.131595149234564		    0
	18		K1M3	3	1		-35868.77737		9093.0526           4.04118193227236		    0
	19		K1M3	3	2		-35868.34489		9093.48508          4.389054014622883		    0
	20		K1M2	3	3		-35865.25638		9096.57359          5.4024267893603675		    0
	21		K1M3	5	1		-35869.62379		9092.20618          3.9597143590312918		    0
	22		K1M4	1	1		-35950.31197		9011.518            4.3529721391259635		    0
	23		K1M5	3	1		-35950.46718		9011.36279          4.338796115923545		    0
	24		K1M4	3	2		-35950.19391		9011.63606          4.356396536499335		    0
	25		K1M4	3	3		-35949.87913		9011.95084          4.426905257540266		    0
	26		K1M5	5	1		-35950.58292		9011.24705          4.319544683176145		    0
	27		K1M4	5	2		-35950.06739		9011.76258          4.352672971294553		    0
	28		K1M4	5	3		-35949.95741		9011.87256          4.382673820339385		    0
	29		K1M5	7	1		-35950.6929			9011.13707          4.341111512131697		    0
	30		K1N1	1	1		-35959.28249		9002.54748          4.519428121818082		    0
	31		L1L1	1	1		-42693.05841		2268.77156          0.09670132340473168		    0.04131524176521909
	32		L1L3	1	1		-42866.36483		2095.46514          0.08786158318231303		    0.005709934165870284
	33		L1L2	1	2		-42857.03871		2104.79126          0.10119227843872285		    0.005622219244374678
	34		L1L2	1	3		-42825.49751		2136.33246          0.11191216246505886		    0.027878197266744262
	35		L1L3	3	1		-42877.67415		2084.15582          0.09120485100439232		    0.0065741111898535405
	36		L1L3	3	2		-42866.4514			2095.37857          0.10371069647656402		    0.011346337175706956
	37		L1L2	3	3		-42825.54539		2136.28458          0.11557464699243813		    0.05579556681054129
	38		L1L3	5	1		-42877.88218		2083.94779          0.08452509401447793		    0.009830869273826839
	39		L1M1	1	1		-43705.073			1256.75697          0.04235002308738807		    1.93481418952475e-05
	40		L1M1	1	2		-43704.02917		1257.8008           0.252671423533421		    0.010106258105193739
	41		L1M1	3	1		-43705.2695			1256.56047          0.0313723812119422		    3.606778196129658e-05
	42		L1M3	1	1		-43750.87616		1210.95381          0.030935216106582727		0.0016274418416675099
	43		L1M2	1	2		-43749.18923		1212.64074          0.028910624586143033		0.0014195218428864752
	44		L1M2	1	3		-43748.36343		1213.46654          0.05464531235546703		    0.0025231175928210076
	45		L1M3	3	1		-43751.54584		1210.28413          0.027602453379010506		0.0020727001732233877
	46		L1M3	3	2		-43751.16187		1210.6681           0.042057648012560005		0.0030367410663049046
	47		L1M2	3	3		-43748.29691		1213.53306          0.03986132631935362		    0.005282765273587218
	48		L1M3	5	1		-43752.19551		1209.63446          0.02310803008676474		    0.0013158149708187258
	49		L1M4	1	1		-43829.92136		1131.90861          0.03303595495125371		    4.796233018995686e-05
	50		L1M4	3	1		-43830.00849		1131.82148          0.03321135918549853		    9.11157467686542e-05
	51		L1M4	3	2		-43829.43598		1132.39399          0.04358500952474409		    9.307480601348707e-05
	52		L1M5	3	3		-43827.46005		1134.36992          0.038209154416931894		1.56306661650651e-05
	53		L1M5	5	1		-43830.13301		1131.69696          0.03318925159775051		    0.00012952239806711743
	54		L1M5	5	2		-43829.68327		1132.1467           0.04448112887952008		    0.0001265317248103633
	55		L1M5	5	3		-43827.44093		1134.38904          0.037016551891540656		2.4496146861296467e-05
	56		L1M5	7	1		-43830.27672		1131.55325          0.03295562284063104		    0.0001661761775314539
	57		L1N1	1	1		-43839.18901		1122.64096          0.03332969805466463		    0.00025267702068176303
	58		L3L3	1	1		-43011.49524		1950.33473          0.10536986248614169		    0.005404501606902006
	59		L2L3	1	2		-43006.66371		1955.16626          0.10530979509617434		    4.5079589913706534e-05
	60		L2L2	1	3		-42967.1258			1994.70417          0.10668189881509696		    0.016820405599859638
	61		L3L3	3	1		-43024.66168		1937.16829          0.10400214666198443		    0.013429838861309757
	62		L2L3	3	2		-43006.79976		1955.03021          0.10557994098837807		    8.657808338841683e-05
	63		L2L3	3	3		-42996.1958			1965.63417          0.10604903980206623		    0.08896508250978281
	64		L3L3	5	1		-43024.85637		1936.9736           0.10377877807717129		    0.019878227532330754
	65		L2L3	5	2		-42996.22789		1965.60208          0.1057902484582694		    0.13362198666504987
	66		L3M1	1	1		-43868.6519			1093.17807          0.04609250493386654		    0.020373327811429268
	67		L2M1	1	2		-43850.28793		1111.54204          0.045404717648631354		0.0005626964809416499
	68		L2M1	1	3		-43849.16121		1112.66876          0.047499871029417724		0.0015701826171675307
	69		L3M1	3	1		-43870.29486		1091.53511          0.04304358533719169		    0.0020802687203968304
	70		L3M1	3	2		-43868.58515		1093.24482          0.048735292193106065		0.03985804509695032
	71		L2M1	3	3		-43849.33959		1112.49038          0.046594892308108087		0.003156565669725194
	72		L3M1	5	1		-43870.45304		1091.37693          0.043400879688367214		0.0026361671423981822
	73		L3M3	1	1		-43921.7998			1040.03017          0.043615104844911746		0.003217965958887391
	74		L3M2	1	2		-43915.7937			1046.03627          0.04608925732923722		    0.007331159941780586
	75		L3M3	1	3		-43919.19806		1042.63191          0.14094397263241448		    0.02129831251135823
	76		L2M2	1	4		-43899.16085		1062.66912          0.0433780355286429		    0.008519546806902166
	77		L2M3	1	5		-43898.12386		1063.70611          0.04661915042374242		    0.003427664148407131
	78		L2M2	1	6		-43891.39296		1070.43701          0.031230040453365096		0.016926954516010978
	79		L3M3	3	1		-43921.86086		1039.96911          0.04313956653866482		    0.00696019219235064
	80		L3M2	3	2		-43916.5385			1045.29147          0.04947331107742094		    0.011014146427693161
	81		L3M2	3	3		-43916.03382		1045.79615          0.04557609781016048		    0.01371324149855873
	82		L2M2	3	4		-43898.97391		1062.85606          0.043611220410687414		0.016908752721707325
	83		L2M2	3	5		-43898.9905			1062.83947          0.04363497453639613		    0.016770809816994473
	84		L2M3	3	6		-43898.4941			1063.33587          0.04662906543892841		    0.007202071264507887
	85		L2M3	3	7		-43897.11763		1064.71234          0.04633773637565455		    0.018486233851689206
	86		L3M3	5	1		-43921.36025		1040.46972          0.04352226322073688		    0.02904360999785595
	87		L3M2	5	2		-43916.73843		1045.09154          0.05303218666880296		    0.014788945767808431
	88		L3M2	5	3		-43915.39501		1046.43496          0.03589539607896811		    0.030611809337118743
	89		L2M3	5	4		-43897.412			1064.41797          0.046236608836007775		0.028052925264872772
	90		L3M3	7	1		-43921.76045		1040.06952          0.0433192342806509		    0.037995247493607595
	91		L3M4	1	1		-43996.07991		965.75006           0.04644645554058773		    0.003968413959912562
	92		L3M4	1	2		-43995.61266		966.21731           0.042744843624791855		0.005236297806840573
	93		L3M5	1	3		-43994.38544		967.44453           0.04873758727892456		    0.0052311753998895184
	94		L2M4	1	4		-43975.2644			986.56557           0.051878654127877684		0.0038144714050841145
	95		L3M5	3	1		-43998.60133		963.22864           0.03159405120134855		    0.004567723058738222
	96		L3M4	3	2		-43996.54346		965.28651           0.04897260769035137		    0.005717465284089136
	97		L3M4	3	3		-43995.96404		965.86593           0.046557668420400246		0.007776061643212948
	98		L3M5	3	4		-43994.51175		967.31822           0.05129471370073103		    0.009231800958492851
	99		L2M4	3	5		-43978.36423		983.46574           0.023757130806180016		0.015136815006075237
	100		L2M5	3	6		-43976.65918		985.17079           0.045481453802075855		0.006325373308171826
	101		L2M4	3	7		-43975.06705		986.76292           0.05197763418150754		    0.007523110814077504
	102		L3M5	5	1		-43998.55802		963.27195           0.031490564364513945		0.0068740344001254235
	103		L3M4	5	2		-43997.42741		964.40256           0.040251924071634936		0.014521800022642577
	104		L3M4	5	3		-43996.67386		965.15611           0.04974839513730116		    0.008544986866345378
	105		L3M5	5	4		-43994.82458		967.00539           0.05884902320752059		    0.028634647361726235
	106		L2M4	5	5		-43978.15947		983.6705            0.024096827575066315		0.022952931487167337
	107		L2M5	5	6		-43976.95857		984.8714            0.04585831505353739		    0.009562204783121343
	108		L2M5	5	7		-43975.92756		985.90241           0.051837670512412115		0.02812134429141935
	109		L3M5	7	1		-43998.50563		963.32434           0.01941468032161594		    0.04822192161822661
	110		L3M5	7	2		-43997.65021		964.17976           0.04192398554370381		    0.01826768165752824
	111		L3M4	7	3		-43994.82773		967.00224           0.05693588226822639		    0.04164656052919482
	112		L2M5	7	4		-43976.19634		985.63363           0.052629667234592475		0.03968226996495534
	113		L3M5	9	1		-43998.85658		962.97339           0.019037406376502673		0.06231103996031971
	114		L2N1	1	1		-43986.55705		975.27292           0.0435434137142142		    0.0020829829155201373
	115		L3N1	3	1		-44006.62205		955.20792           0.04331479273556395		    0.0036965979706420323
	116		M1M1	1	1		-44676.86689		284.96308           0.00031658620007743703		0.003577929191661233
	117		M1M2	1	1		-44732.21216		229.61781           0.000951969414072789		0.0019062950955921788
	118		M1M2	1	2		-44731.31626		230.51371           0.0011619029572756264		0.0018995755840591627
	119		M1M3	1	3		-44717.78789		244.04208           0.0014852832126655256		0.004521451715780395
	120		M1M3	3	1		-44733.70124		228.12873           0.0010949859508418182		0.0037026900565222893
	121		M1M2	3	2		-44732.40024		229.42973           0.0010279434605350926		0.0038173696310837405
	122		M1M3	3	3		-44717.62801		244.20196           0.0015369167657010793		0.00904393720209141
	123		M1M3	5	1		-44734.1342			227.69577           0.0007545746278874359		0.005526811254336921
	124		M1M4	1	1		-44806.46243		155.36754           0.00026289123983759164		0.0004454486560648616
	125		M1M4	3	1		-44806.52359		155.30638           0.0002647462762319533		0.0008844917782286765
	126		M1M4	3	2		-44805.90794		155.92203           0.0002192593833250375		0.0008787955247644866
	127		M1M5	3	3		-44800.90445		160.92552           0.00023386215549315125		0.004320124923442124
	128		M1M5	5	1		-44806.6196			155.21037           0.0002656427969539924		0.0013153747974990382
	129		M1M5	5	2		-44806.0963			155.73367           0.00021868873703035022		0.0013043963840594433
	130		M1M5	5	3		-44800.89964		160.93033           0.00023539215117902537		0.006469219754400121
	131		M1M5	7	1		-44806.74286		155.08711           0.00026553683874117403		0.0017358102184463946
	132		M1N1	1	1		-44813.40886		148.42111           0.0002536978825985287		0.00015208487635449305
	133		M2M3	1	1		-44776.31197		185.518             0.001388749267282321		0.0033868812604046037
	134		M2M3	1	2		-44775.60218		186.22779           0.0015418617509864228		0.003392913661940458
	135		M2M2	1	3		-44766.32002		195.50995           0.0016141174650120707		0.006016432579609496
	136		M3M3	3	1		-44777.89446		183.93551           0.0014563227790102553		0.0064551366088994545
	137		M2M3	3	2		-44776.25216		185.57781           0.0014471916665442102		0.006315043201264372
	138		M2M3	3	3		-44772.69458		189.13539           0.0013450618555397116		0.009260367798879999
	139		M3M3	5	1		-44778.47368		183.35629           0.0013529406949575194		0.00961474938496608
	140		M2M3	5	2		-44772.73514		189.09483           0.0013300334522532585		0.013853990309967427
	141		M3M4	1	1		-44853.79593		108.03404           0.0006480207366503451		0.0007613903003203055
	142		M3M4	1	2		-44853.04654		108.78343           0.0007582959039372534		0.0007797948992261292
	143		M2M4	1	3		-44851.62555		110.20442           0.0010099843513587735		0.0010456938836825964
	144		M2M4	1	4		-44844.43593		117.39404           0.0010697275686908144		0.006708480982819935
	145		M3M5	3	1		-44858.36506		103.46491           0.0003673228040503795		0.004305323878703416
	146		M2M4	3	2		-44856.63186		105.19811           0.0003689462311387369		0.00516438939631682
	147		M3M4	3	3		-44853.67604		108.15393           0.0006846860952876348		0.0015532414768224024
	148		M3M4	3	4		-44852.69041		109.13956           0.0008588587153704638		0.0016714868647039474
	149		M2M4	3	5		-44851.4785			110.35147           0.001017939284755646		0.001975991544168227
	150		M2M5	3	6		-44850.66879		111.16118           0.0010333664582216316		0.0017828073268674612
	151		M2M4	3	7		-44844.42324		117.40673           0.0010544033386597471		0.013185606500286513
	152		M3M4	5	1		-44858.40529		103.42468           0.0003238924193430624		0.00982665034548229
	153		M3M4	5	2		-44857.94572		103.88425           0.00036685108844092826		0.008810415838049226
	154		M2M4	5	3		-44856.33285		105.49712           0.00038507255031369064		0.009936773409970897
	155		M3M4	5	4		-44853.2676			108.56237           0.0007692486469400232		0.0024865637338021725
	156		M3M5	5	5		-44852.07763		109.75234           0.0010584052886819955		0.0030661130878081406
	157		M2M5	5	6		-44851.11681		110.71316           0.0010307937771379383		0.002587158040159749
	158		M2M5	5	7		-44843.33111		118.49886           0.001629509844249201		0.028561574697671645
	159		M3M5	7	1		-44859.11994		102.71003           0.00027990446944659166		0.02398675572117633
	160		M3M4	7	2		-44858.12142		103.70855           0.00030884598593967563		0.02016295637266547
	161		M3M5	7	3		-44852.64503		109.18494           0.001052499399727792		0.004201309779458092
	162		M2M5	7	4		-44843.34066		118.48931           0.0016355650234813274		0.03903607813246753
	163		M3M5	9	1		-44859.59417		102.2358            0.000253283917699591		0.03321164405156593
	164		M2N1	1	1		-44859.71125		102.11872           0.00079489187612443		    0.010400719712011054
	165		M3N1	3	1		-44862.22471		99.60526            0.0007428151326471823		0.019597251546226782
	166		M4M4	1	1		-44929.26926		32.56071            2.1829042595852517e-15		0.00014006149811078645
	167		M4M5	1	2		-44928.47619		33.35378            1.56603618073955e-12		0.00015779259249605013
	168		M5M5	1	3		-44923.05613		38.77384            5.4466043590426794e-12		0.0027672594890899237
	169		M4M4	3	1		-44931.90176		29.92821            4.3486133920569446e-16		0.010177500384838547
	170		M5M5	3	2		-44929.58133		32.24864            2.932419047945067e-13		0.012414697262280512
	171		M4M5	3	3		-44929.30033		32.52964            2.3641009869399075e-14		0.0013146671890103955
	172		M4M5	3	4		-44928.56693		33.26304            1.51470956484645e-12		0.0006202107182913295
	173		M4M5	5	1		-44931.99185		29.83812            1.419473922479152e-15		0.015029237911554184
	174		M4M5	5	2		-44931.16889		30.66108            2.783743708934839e-13		0.015067204542770204
	175		M5M5	5	3		-44929.64872		32.18125            2.006861016772702e-13		0.013837026195897434
	176		M4M5	5	4		-44929.31054		32.51943            1.101156849692759e-13		0.006964615155127591
	177		M4M5	7	1		-44932.1209			29.70907            3.081510400729006e-15		0.02090264484776509
	178		M5M5	7	2		-44931.40683		30.42314            2.6379839653788733e-13		0.021300003622879836
	179		M4M5	7	3		-44928.28118		33.54879            5.67953504720127e-13		0.11746898500538967
	180		M5M5	9	1		-44932.27614		29.55383            5.472232796463733e-17		0.02855909590693268
	181		M4M5	9	2		-44928.285			33.54497            6.207194070528722e-13		0.1474092358415182
	182		M4N1	3	1		-44937.79516		24.03481            5.392579822168319e-16		0.009228848303707526
	183		M5N1	5	1		-44938.04443		23.78554            0.0						    0.014426281194427916