# Atomic number Z= 29  Date:21-11-2022

# Register Shelli	2Ji		Eigi	 ---> 	 Shellf		2Jf		Eigf	Energy(eV)			Rate(s-1)		Width(eV)
	1  	   K1	    0	     1		 ---> 	   K1	    2	     1		9.16684215679E-02 	6.89312E-06    	2.850765370865152e-20
	2  	   K1	    0	     1		 ---> 	   L1	    0	     1		0                 	0              	0.0            
	3  	   K1	    0	     1		 ---> 	   L1	    2	     1		7.87978103600E+03 	7.60876E+08    	3.1467302938616955e-06
	4  	   K1	    0	     1		 ---> 	   L2	    2	     2		8.02713932955E+03 	3.17787E+14    	1.3142614301087518
	5  	   K1	    0	     1		 ---> 	   L2	    0	     1		0                 	0              	0.0            
	6  	   K1	    0	     1		 ---> 	   L3	    2	     1		8.04716539661E+03 	6.13109E+14    	2.5356150854268638
	7  	   K1	    0	     1		 ---> 	   L3	    4	     1		8.04724819724E+03 	2.85590E+10    	0.00011811053373006399
	8  	   K1	    0	     1		 ---> 	   M1	    0	     1		0                 	0              	0.0            
	9  	   K1	    0	     1		 ---> 	   M1	    2	     1		8.85417267627E+03 	1.24290E+06    	5.1402213793584e-09
	10 	   K1	    0	     1		 ---> 	   M2	    2	     2		8.90035901729E+03 	4.89097E+13    	0.20227426631105117
	11 	   K1	    0	     1		 ---> 	   M2	    0	     1		0                 	0              	0.0            
	12 	   K1	    0	     1		 ---> 	   M3	    2	     1		8.90277184141E+03 	7.07463E+13    	0.2925831875215248
	13 	   K1	    0	     1		 ---> 	   M3	    4	     1		8.90301672937E+03 	4.47574E+09    	1.8510173333695037e-05
	14 	   K1	    0	     1		 ---> 	   M4	    4	     2		8.97813862263E+03 	9.61913E+11    	0.003978152520462448
	15 	   K1	    0	     1		 ---> 	   M4	    2	     1		8.97849574861E+03 	2.67437E+07    	1.1060305616151519e-07
	16 	   K1	    0	     1		 ---> 	   M5	    4	     1		8.97862452352E+03 	6.96328E+10    	0.00028797812154202876
	17 	   K1	    0	     1		 ---> 	   M5	    6	     1		8.97874380875E+03 	5.02671E+07    	2.0788802164160158e-07
	18 	   K1	    0	     1		 ---> 	   N1	    0	     1		0                 	0              	0.0            
	19 	   K1	    2	     1		 ---> 	   L1	    0	     1		7.87953768875E+03 	2.58949E+08    	1.0709270142115039e-06
	20 	   K1	    2	     1		 ---> 	   L1	    2	     1		7.87968936757E+03 	5.07379E+08    	2.0983509399287836e-06
	21 	   K1	    2	     1		 ---> 	   L2	    2	     2		8.02704766112E+03 	2.07819E+14    	0.859470324915024
	22 	   K1	    2	     1		 ---> 	   L2	    0	     1		8.02708865957E+03 	1.04352E+14    	0.43156519541299193
	23 	   K1	    2	     1		 ---> 	   L3	    2	     1		8.04707372819E+03 	1.02655E+14    	0.42454696733287994
	24 	   K1	    2	     1		 ---> 	   L3	    4	     1		8.04715652881E+03 	5.09317E+14    	2.1063658639236316
	25 	   K1	    2	     1		 ---> 	   M1	    0	     1		8.85389682438E+03 	5.43908E+07    	2.249422745195968e-07
	26 	   K1	    2	     1		 ---> 	   M1	    2	     1		8.85408100785E+03 	1.01528E+08    	4.1988606983948797e-07
	27 	   K1	    2	     1		 ---> 	   M2	    2	     2		8.90026734887E+03 	2.46468E+13    	0.10193097456977279
	28 	   K1	    2	     1		 ---> 	   M2	    0	     1		8.90041024851E+03 	1.38709E+13    	0.05736543304444639
	29 	   K1	    2	     1		 ---> 	   M3	    2	     1		8.90268017298E+03 	1.63309E+13    	0.0675391755766064
	30 	   K1	    2	     1		 ---> 	   M3	    4	     1		8.90292506095E+03 	6.79137E+13    	0.2808684952058352
	31 	   K1	    2	     1		 ---> 	   M4	    4	     2		8.97804695421E+03 	2.50991E+09    	1.0380153706867359e-05
	32 	   K1	    2	     1		 ---> 	   M4	    2	     1		8.97840408019E+03 	2.10456E+10    	8.70376080629376e-05
	33 	   K1	    2	     1		 ---> 	   M5	    4	     1		8.97853285510E+03 	3.23294E+10    	0.0001337036552110624
	34 	   K1	    2	     1		 ---> 	   M5	    6	     1		8.97865214033E+03 	4.73893E+10    	0.00019598639714605277
	35 	   K1	    2	     1		 ---> 	   N1	    0	     1		8.97938959888E+03 	5.92367E+06    	2.449833066076432e-08
	36 	   L1	    0	     1		 ---> 	   L1	    2	     1		1.51678824980E-01 	1.10758E-06    	4.58058282673568e-21
	37 	   L1	    0	     1		 ---> 	   L2	    2	     2		1.47509972375E+02 	5.08426E+10    	0.00021026809840064958
	38 	   L1	    0	     1		 ---> 	   L2	    0	     1		0                 	0              	0.0            
	39 	   L1	    0	     1		 ---> 	   L3	    2	     1		1.67536039442E+02 	1.50210E+11    	0.0006212186446161599
	40 	   L1	    0	     1		 ---> 	   L3	    4	     1		1.67618840065E+02 	3.04172E+03    	1.2579543144277118e-11
	41 	   L1	    0	     1		 ---> 	   M1	    0	     1		0                 	0              	0.0            
	42 	   L1	    0	     1		 ---> 	   M1	    2	     1		9.74543319097E+02 	6.51122E+04    	2.692824221554912e-10
	43 	   L1	    0	     1		 ---> 	   M2	    2	     2		1.02072966012E+03 	4.11553E+12    	0.017020464472918877
	44 	   L1	    0	     1		 ---> 	   M2	    0	     1		0                 	0              	0.0            
	45 	   L1	    0	     1		 ---> 	   M3	    2	     1		1.02314248423E+03 	5.75173E+12    	0.02378724395711408
	46 	   L1	    0	     1		 ---> 	   M3	    4	     1		1.02338737220E+03 	4.85396E+06    	2.0074365569676157e-08
	47 	   L1	    0	     1		 ---> 	   M4	    4	     2		1.09850926546E+03 	1.06327E+11    	0.00043973313911259193
	48 	   L1	    0	     1		 ---> 	   M4	    2	     1		1.09886639144E+03 	5.79437E+02    	2.396358882767152e-12
	49 	   L1	    0	     1		 ---> 	   M5	    4	     1		1.09899516635E+03 	7.20985E+09    	2.98175437380056e-05
	50 	   L1	    0	     1		 ---> 	   M5	    6	     1		1.09911445158E+03 	7.14451E+04    	2.954731921074896e-10
	51 	   L1	    0	     1		 ---> 	   N1	    0	     1		0                 	0              	0.0            
	52 	   L1	    2	     1		 ---> 	   L2	    2	     2		1.47358293550E+02 	3.35658E+10    	0.0001388169947503968
	53 	   L1	    2	     1		 ---> 	   L2	    0	     1		1.47399291996E+02 	1.68684E+10    	6.97620969632064e-05
	54 	   L1	    2	     1		 ---> 	   L3	    2	     1		1.67384360617E+02 	2.54063E+10    	0.00010507201418488479
	55 	   L1	    2	     1		 ---> 	   L3	    4	     1		1.67467161240E+02 	1.26250E+11    	0.0005221280466199999
	56 	   L1	    2	     1		 ---> 	   M1	    0	     1		9.74207456808E+02 	2.77393E+04    	1.1472052691965279e-10
	57 	   L1	    2	     1		 ---> 	   M1	    2	     1		9.74391640272E+02 	1.29711E+06    	5.36441592515856e-09
	58 	   L1	    2	     1		 ---> 	   M2	    2	     2		1.02057798129E+03 	1.58418E+12    	0.006551642050649279
	59 	   L1	    2	     1		 ---> 	   M2	    0	     1		1.02072088094E+03 	8.88928E+11    	0.0036763108136698875
	60 	   L1	    2	     1		 ---> 	   M3	    2	     1		1.02299080541E+03 	9.96779E+11    	0.004122346710351184
	61 	   L1	    2	     1		 ---> 	   M3	    4	     1		1.02323569337E+03 	4.12624E+12    	0.017064757473943037
	62 	   L1	    2	     1		 ---> 	   M4	    4	     2		1.09835758664E+03 	5.38801E+08    	2.2283018902724958e-06
	63 	   L1	    2	     1		 ---> 	   M4	    2	     1		1.09871471262E+03 	4.70587E+09    	1.9461914540575518e-05
	64 	   L1	    2	     1		 ---> 	   M5	    4	     1		1.09884348752E+03 	7.32070E+09    	3.0275982502107196e-05
	65 	   L1	    2	     1		 ---> 	   M5	    6	     1		1.09896277276E+03 	1.08645E+10    	4.4931961683192e-05
	66 	   L1	    2	     1		 ---> 	   N1	    0	     1		1.09970023130E+03 	2.92539E+03    	1.2098440921201438e-11
	67 	   L2	    2	     2		 ---> 	   L2	    0	     1		4.09984466805E-02 	4.34841E-04    	1.798357876596336e-18
	68 	   L2	    2	     2		 ---> 	   L3	    2	     1		2.00260670672E+01 	1.25894E+04    	5.2065574892022395e-11
	69 	   L2	    2	     2		 ---> 	   L3	    4	     1		2.01088676904E+01 	6.32907E+04    	2.6174930344722716e-10
	70 	   L2	    2	     2		 ---> 	   M1	    0	     1		8.26849163258E+02 	1.90439E+11    	0.0007875924203585439
	71 	   L2	    2	     2		 ---> 	   M1	    2	     1		8.27033346722E+02 	3.71927E+11    	0.001538166479170192
	72 	   L2	    2	     2		 ---> 	   M2	    2	     2		8.73219687741E+02 	5.34296E+06    	2.2096707073020158e-08
	73 	   L2	    2	     2		 ---> 	   M2	    0	     1		8.73362587390E+02 	2.85991E+04    	1.182763740046736e-10
	74 	   L2	    2	     2		 ---> 	   M3	    2	     1		8.75632511860E+02 	7.41937E+08    	3.0684048833671517e-06
	75 	   L2	    2	     2		 ---> 	   M3	    4	     1		8.75877399823E+02 	7.40143E+08    	3.0609854955205276e-06
	76 	   L2	    2	     2		 ---> 	   M4	    4	     2		9.50999293089E+02 	5.28189E+12    	0.021844141846825437
	77 	   L2	    2	     2		 ---> 	   M4	    2	     1		9.51356419066E+02 	1.58580E+12    	0.006558341832316799
	78 	   L2	    2	     2		 ---> 	   M5	    4	     1		9.51485193973E+02 	2.78869E+12    	0.011533095147158239
	79 	   L2	    2	     2		 ---> 	   M5	    6	     1		9.51604479206E+02 	2.96559E+06    	1.2264694762580638e-08
	80 	   L2	    2	     2		 ---> 	   N1	    0	     1		9.52341937753E+02 	1.22747E+10    	5.0764080268091196e-05
	81 	   L2	    0	     1		 ---> 	   L3	    2	     1		1.99850686205E+01 	7.54490E+04    	3.12031991995504e-10
	82 	   L2	    0	     1		 ---> 	   L3	    4	     1		2.00678692437E+01 	1.32791E+01    	5.4917944901953594e-14
	83 	   L2	    0	     1		 ---> 	   M1	    0	     1		0                 	0              	0.0            
	84 	   L2	    0	     1		 ---> 	   M1	    2	     1		8.26992348275E+02 	5.60093E+11    	0.0023163585268557276
	85 	   L2	    0	     1		 ---> 	   M2	    2	     2		8.73178689295E+02 	9.93444E+04    	4.1085542585850233e-10
	86 	   L2	    0	     1		 ---> 	   M2	    0	     1		0                 	0              	0.0            
	87 	   L2	    0	     1		 ---> 	   M3	    2	     1		8.75591513413E+02 	5.88440E+04    	2.43359229903424e-10
	88 	   L2	    0	     1		 ---> 	   M3	    4	     1		8.75836401377E+02 	1.48636E+09    	6.14709103662656e-06
	89 	   L2	    0	     1		 ---> 	   M4	    4	     2		9.50958294643E+02 	1.84746E+06    	7.640480641652159e-09
	90 	   L2	    0	     1		 ---> 	   M4	    2	     1		9.51315420619E+02 	9.55444E+12    	0.03951398886137024
	91 	   L2	    0	     1		 ---> 	   M5	    4	     1		9.51444195527E+02 	1.04922E+06    	4.3392252599971194e-09
	92 	   L2	    0	     1		 ---> 	   M5	    6	     1		9.51563480760E+02 	1.94244E+06    	8.03328635941824e-09
	93 	   L2	    0	     1		 ---> 	   N1	    0	     1		0                 	0              	0.0            
	94 	   L3	    2	     1		 ---> 	   L3	    4	     1		8.28006232412E-02 	2.27618E-03    	9.41352409628128e-18
	95 	   L3	    2	     1		 ---> 	   M1	    0	     1		8.06823096191E+02 	3.95267E+11    	0.001634692963194832
	96 	   L3	    2	     1		 ---> 	   M1	    2	     1		8.07007279655E+02 	1.97979E+11    	0.0008187753547863839
	97 	   L3	    2	     1		 ---> 	   M2	    2	     2		8.53193620674E+02 	8.20108E+08    	3.3916941628311675e-06
	98 	   L3	    2	     1		 ---> 	   M2	    0	     1		8.53336520323E+02 	3.36346E+05    	1.3910152868788159e-09
	99 	   L3	    2	     1		 ---> 	   M3	    2	     1		8.55606444793E+02 	2.86828E+08    	1.186225293908288e-06
	100	   L3	    2	     1		 ---> 	   M3	    4	     1		8.55851332756E+02 	3.61081E+08    	1.4933110273393759e-06
	101	   L3	    2	     1		 ---> 	   M4	    4	     2		9.30973226022E+02 	4.07532E+12    	0.016854169274862718
	102	   L3	    2	     1		 ---> 	   M4	    2	     1		9.31330351999E+02 	8.16475E+11    	0.0033766692820915998
	103	   L3	    2	     1		 ---> 	   M5	    4	     1		9.31459126906E+02 	4.45119E+12    	0.018408642691758237
	104	   L3	    2	     1		 ---> 	   M5	    6	     1		9.31578412139E+02 	1.92879E+06    	7.97683449536784e-09
	105	   L3	    2	     1		 ---> 	   N1	    0	     1		9.32315870686E+02 	2.48944E+10    	0.00010295496589130238
	106	   L3	    4	     1		 ---> 	   M1	    0	     1		8.06740295568E+02 	1.11730E+05    	4.6207815167407997e-10
	107	   L3	    4	     1		 ---> 	   M1	    2	     1		8.06924479032E+02 	5.89010E+11    	0.0024359496296209597
	108	   L3	    4	     1		 ---> 	   M2	    2	     2		8.53110820051E+02 	3.96882E+08    	1.6413720665238718e-06
	109	   L3	    4	     1		 ---> 	   M2	    0	     1		8.53253719699E+02 	2.97202E+08    	1.2291287105865919e-06
	110	   L3	    4	     1		 ---> 	   M3	    2	     1		8.55523644170E+02 	2.58703E+08    	1.0699096399582878e-06
	111	   L3	    4	     1		 ---> 	   M3	    4	     1		8.55768532133E+02 	5.04102E+08    	2.084798356888992e-06
	112	   L3	    4	     1		 ---> 	   M4	    4	     2		9.30890425399E+02 	1.03629E+11    	0.00042857510766878393
	113	   L3	    4	     1		 ---> 	   M4	    2	     1		9.31247551376E+02 	9.72124E+10    	0.0004020381823306304
	114	   L3	    4	     1		 ---> 	   M5	    4	     1		9.31376326283E+02 	1.34918E+12    	0.005579760142089279
	115	   L3	    4	     1		 ---> 	   M5	    6	     1		9.31495611516E+02 	7.93641E+12    	0.032822354459211354
	116	   L3	    4	     1		 ---> 	   N1	    0	     1		9.32233070063E+02 	9.70457E+03    	4.013487665257071e-11
	117	   M1	    0	     1		 ---> 	   M1	    2	     1		1.84183464035E-01 	9.01252E-08    	3.727278782355392e-22
	118	   M1	    0	     1		 ---> 	   M2	    2	     2		4.63705244833E+01 	1.79357E+10    	7.417609509514719e-05
	119	   M1	    0	     1		 ---> 	   M2	    0	     1		0                 	0              	0.0            
	120	   M1	    0	     1		 ---> 	   M3	    2	     1		4.87833486019E+01 	3.08349E+10    	0.0001275228998393904
	121	   M1	    0	     1		 ---> 	   M3	    4	     1		4.90282365653E+01 	5.94812E+01    	2.459944773593152e-13
	122	   M1	    0	     1		 ---> 	   M4	    4	     2		1.24150129831E+02 	6.55262E+06    	2.7099458858163516e-08
	123	   M1	    0	     1		 ---> 	   M4	    2	     1		1.24507255808E+02 	3.93156E-01    	1.6259625686885758e-15
	124	   M1	    0	     1		 ---> 	   M5	    4	     1		1.24636030715E+02 	3.89008E+05    	1.608807819085568e-09
	125	   M1	    0	     1		 ---> 	   M5	    6	     1		1.24755315948E+02 	5.45850E-02    	2.2574542118615996e-16
	126	   M1	    0	     1		 ---> 	   N1	    0	     1		0                 	0              	0.0            
	127	   M1	    2	     1		 ---> 	   M2	    2	     2		4.61863410193E+01 	1.06473E+10    	4.40336946596208e-05
	128	   M1	    2	     1		 ---> 	   M2	    0	     1		4.63292406677E+01 	6.07110E+09    	2.51080521491856e-05
	129	   M1	    2	     1		 ---> 	   M3	    2	     1		4.85991651378E+01 	8.47434E+09    	3.5047054182920634e-05
	130	   M1	    2	     1		 ---> 	   M3	    4	     1		4.88440531013E+01 	3.59847E+10    	0.00014882076134025118
	131	   M1	    2	     1		 ---> 	   M4	    4	     2		1.23965946367E+02 	1.08164E+06    	4.47330360670144e-09
	132	   M1	    2	     1		 ---> 	   M4	    2	     1		1.24323072344E+02 	9.75455E+06    	4.0341577324016796e-08
	133	   M1	    2	     1		 ---> 	   M5	    4	     1		1.24451847251E+02 	1.53810E+07    	6.361070483217599e-08
	134	   M1	    2	     1		 ---> 	   M5	    6	     1		1.24571132484E+02 	2.30965E+07    	9.551944894066399e-08
	135	   M1	    2	     1		 ---> 	   N1	    0	     1		1.25308591031E+02 	1.04213E+00    	4.3099033760324796e-15
	136	   M2	    2	     2		 ---> 	   M2	    0	     1		1.42899648470E-01 	1.63049E-02    	6.74316482165104e-17
	137	   M2	    2	     2		 ---> 	   M3	    2	     1		2.41282411859E+00 	2.18299E+01    	9.028121223691038e-14
	138	   M2	    2	     2		 ---> 	   M3	    4	     1		2.65771208204E+00 	1.30387E+02    	5.392373038783519e-13
	139	   M2	    2	     2		 ---> 	   M4	    4	     2		7.77796053482E+01 	1.18967E+11    	0.0004920079787900319
	140	   M2	    2	     2		 ---> 	   M4	    2	     1		7.81367313247E+01 	2.84764E+10    	0.00011776892757837438
	141	   M2	    2	     2		 ---> 	   M5	    4	     1		7.82655062319E+01 	4.59212E+10    	0.00018991482340155518
	142	   M2	    2	     2		 ---> 	   M5	    6	     1		7.83847914651E+01 	3.39256E+02    	1.4030500798741757e-12
	143	   M2	    2	     2		 ---> 	   N1	    0	     1		7.91222500120E+01 	6.68535E+09    	2.7648386031453596e-05
	144	   M2	    0	     1		 ---> 	   M3	    2	     1		2.26992447012E+00 	1.31820E+02    	5.451637156867199e-13
	145	   M2	    0	     1		 ---> 	   M3	    4	     1		2.51481243357E+00 	6.49091E-02    	2.6844246804643357e-16
	146	   M2	    0	     1		 ---> 	   M4	    4	     2		7.76367056997E+01 	2.41044E+02    	9.968778841146239e-13
	147	   M2	    0	     1		 ---> 	   M4	    2	     1		7.79938316762E+01 	1.91702E+11    	0.000792815768658592
	148	   M2	    0	     1		 ---> 	   M5	    4	     1		7.81226065834E+01 	1.39478E+02    	5.76834658902688e-13
	149	   M2	    0	     1		 ---> 	   M5	    6	     1		7.82418918166E+01 	3.89791E+01    	1.612046046891536e-13
	150	   M2	    0	     1		 ---> 	   N1	    0	     1		0                 	0              	0.0            
	151	   M3	    2	     1		 ---> 	   M3	    4	     1		2.44887963451E-01 	6.93754E-02    	2.869136006770784e-16
	152	   M3	    2	     1		 ---> 	   M4	    4	     2		7.53667812296E+01 	6.47474E+10    	0.0002677737305799904
	153	   M3	    2	     1		 ---> 	   M4	    2	     1		7.57239072061E+01 	1.78404E+10    	7.378196596371839e-05
	154	   M3	    2	     1		 ---> 	   M5	    4	     1		7.58526821133E+01 	9.39309E+10    	0.00038846698878620636
	155	   M3	    2	     1		 ---> 	   M5	    6	     1		7.59719673465E+01 	1.74000E+02    	7.196061791039999e-13
	156	   M3	    2	     1		 ---> 	   N1	    0	     1		7.67094258934E+01 	9.90669E+09    	4.097077780728623e-05
	157	   M3	    4	     1		 ---> 	   M4	    4	     2		7.51218932661E+01 	1.77573E+09    	7.3438291978180795e-06
	158	   M3	    4	     1		 ---> 	   M4	    2	     1		7.54790192426E+01 	1.76977E+09    	7.319180618349919e-06
	159	   M3	    4	     1		 ---> 	   M5	    4	     1		7.56077941498E+01 	2.51128E+10    	0.00010385819571610879
	160	   M3	    4	     1		 ---> 	   M5	    6	     1		7.57270793830E+01 	1.50779E+11    	0.000623571839535184
	161	   M3	    4	     1		 ---> 	   N1	    0	     1		7.64645379299E+01 	2.83426E+01    	1.1721557524064958e-13
	162	   M4	    4	     2		 ---> 	   M4	    2	     1		3.57125976514E-01 	3.96208E-02    	1.6385846264967676e-16
	163	   M4	    4	     2		 ---> 	   M5	    4	     1		4.85900883702E-01 	3.15309E-02    	1.304013245558064e-16
	164	   M4	    4	     2		 ---> 	   M5	    6	     1		6.05186116897E-01 	1.98884E-01    	8.22518134051264e-16
	165	   M4	    4	     2		 ---> 	   N1	    0	     1		1.34264466383E+00 	2.54698E-02    	1.0533462908358079e-16
	166	   M4	    2	     1		 ---> 	   M5	    4	     1		1.28774907189E-01 	4.25630E-02    	1.7602642414484796e-16
	167	   M4	    2	     1		 ---> 	   M5	    6	     1		2.48060140383E-01 	8.07194E-08    	3.3382861502050237e-22
	168	   M4	    2	     1		 ---> 	   N1	    0	     1		9.85518687316E-01 	8.81573E-09    	3.6458929777658074e-23
	169	   M5	    4	     1		 ---> 	   M5	    6	     1		1.19285233195E-01 	2.10547E-02    	8.707524263897118e-17
	170	   M5	    4	     1		 ---> 	   N1	    0	     1		8.56743780127E-01 	1.93254E-04    	7.992343249227839e-19
	171	   M5	    6	     1		 ---> 	   N1	    0	     1		7.37458546932E-01 	2.77605E-16    	1.14808203074808e-30
